<?xml version="1.0" encoding="utf-8"?>
<CoverageSession xmlns:xsd="http://www.w3.org/2001/XMLSchema" xmlns:xsi="http://www.w3.org/2001/XMLSchema-instance">
  <Summary numSequencePoints="11" visitedSequencePoints="7" numBranchPoints="3" visitedBranchPoints="2" sequenceCoverage="63.64" branchCoverage="66.67" maxCyclomaticComplexity="1" minCyclomaticComplexity="1" visitedClasses="2" numClasses="2" visitedMethods="2" numMethods="3" />
  <Modules>
    <Module skippedDueTo="Filter" hash="34-11-C5-40-14-DD-EF-29-B9-4B-61-0B-E0-44-66-77-87-26-3C-F0">
      <ModulePath>C:\WINDOWS\Microsoft.Net\assembly\GAC_64\mscorlib\v4.0_4.0.0.0__b77a5c561934e089\mscorlib.dll</ModulePath>
      <ModuleTime>2017-03-18T20:59:45.7595548Z</ModuleTime>
      <ModuleName>mscorlib</ModuleName>
      <Classes />
    </Module>
    <Module skippedDueTo="MissingPdb" hash="70-0A-8C-00-26-D7-8E-3A-41-3C-43-6D-01-3C-09-CC-C9-73-85-C0">
      <ModulePath>C:\Users\Theko\OneDrive\Dokumenter\GitHub\datamining\packages\NUnit.ConsoleRunner.3.6.1\tools\nunit3-console.exe</ModulePath>
      <ModuleTime>2017-03-06T18:27:00Z</ModuleTime>
      <ModuleName>nunit3-console</ModuleName>
      <Classes />
    </Module>
    <Module skippedDueTo="Filter" hash="1D-0A-A1-E9-E9-CE-21-2E-98-50-03-A3-97-EC-E3-07-66-E8-E7-DF">
      <ModulePath>C:\WINDOWS\Microsoft.Net\assembly\GAC_MSIL\System\v4.0_4.0.0.0__b77a5c561934e089\System.dll</ModulePath>
      <ModuleTime>2017-03-18T20:59:43.8843944Z</ModuleTime>
      <ModuleName>System</ModuleName>
      <Classes />
    </Module>
    <Module skippedDueTo="MissingPdb" hash="90-A5-CB-F1-B1-A1-C2-DE-2A-BF-0B-6F-28-E9-82-CA-41-44-09-3A">
      <ModulePath>C:\Users\Theko\OneDrive\Dokumenter\GitHub\datamining\packages\NUnit.ConsoleRunner.3.6.1\tools\nunit.engine.api.dll</ModulePath>
      <ModuleTime>2017-03-06T18:27:00Z</ModuleTime>
      <ModuleName>nunit.engine.api</ModuleName>
      <Classes />
    </Module>
    <Module skippedDueTo="MissingPdb" hash="96-DE-EF-3F-02-DC-0C-37-07-3E-B9-1D-D2-EF-F9-A2-D3-8E-11-00">
      <ModulePath>C:\Users\Theko\OneDrive\Dokumenter\GitHub\datamining\packages\NUnit.ConsoleRunner.3.6.1\tools\nunit.engine.dll</ModulePath>
      <ModuleTime>2017-03-06T18:27:00Z</ModuleTime>
      <ModuleName>nunit.engine</ModuleName>
      <Classes />
    </Module>
    <Module skippedDueTo="MissingPdb" hash="96-DE-EF-3F-02-DC-0C-37-07-3E-B9-1D-D2-EF-F9-A2-D3-8E-11-00">
      <ModulePath>C:\Users\Theko\OneDrive\Dokumenter\GitHub\datamining\packages\NUnit.ConsoleRunner.3.6.1\tools\nunit.engine.dll</ModulePath>
      <ModuleTime>2017-03-06T18:27:00Z</ModuleTime>
      <ModuleName>nunit.engine</ModuleName>
      <Classes />
    </Module>
    <Module skippedDueTo="Filter" hash="BC-3D-7B-FA-41-15-98-9E-BD-CB-6E-11-CC-4E-F2-49-2D-A6-58-72">
      <ModulePath>C:\WINDOWS\Microsoft.Net\assembly\GAC_MSIL\System.Xml\v4.0_4.0.0.0__b77a5c561934e089\System.Xml.dll</ModulePath>
      <ModuleTime>2017-03-18T20:59:43.8218895Z</ModuleTime>
      <ModuleName>System.Xml</ModuleName>
      <Classes />
    </Module>
    <Module skippedDueTo="Filter" hash="23-BC-31-F6-43-B2-A8-0E-53-0D-F9-0B-70-B7-5D-8F-D4-C6-52-05">
      <ModulePath>C:\WINDOWS\Microsoft.Net\assembly\GAC_64\System.Web\v4.0_4.0.0.0__b03f5f7f11d50a3a\System.Web.dll</ModulePath>
      <ModuleTime>2017-03-18T20:59:47.9159862Z</ModuleTime>
      <ModuleName>System.Web</ModuleName>
      <Classes />
    </Module>
    <Module skippedDueTo="MissingPdb" hash="8A-2E-8F-D6-9D-39-02-4A-2F-30-FC-06-42-F7-0F-A8-32-69-07-72">
      <ModulePath>C:\Users\Theko\OneDrive\Dokumenter\GitHub\datamining\packages\NUnit.ConsoleRunner.3.6.1\tools\Mono.Cecil.dll</ModulePath>
      <ModuleTime>2017-03-06T18:27:00Z</ModuleTime>
      <ModuleName>Mono.Cecil</ModuleName>
      <Classes />
    </Module>
    <Module skippedDueTo="Filter" hash="27-33-9D-83-64-AB-93-6A-B4-BE-AB-4D-9B-75-8B-E2-B9-63-8B-DE">
      <ModulePath>C:\WINDOWS\Microsoft.Net\assembly\GAC_MSIL\System.Runtime.Remoting\v4.0_4.0.0.0__b77a5c561934e089\System.Runtime.Remoting.dll</ModulePath>
      <ModuleTime>2017-03-18T20:59:43.8062628Z</ModuleTime>
      <ModuleName>System.Runtime.Remoting</ModuleName>
      <Classes />
    </Module>
    <Module skippedDueTo="Filter" hash="0C-91-60-C5-26-07-2E-2E-54-A1-8A-32-86-67-C5-B4-A5-93-05-F9">
      <ModulePath>C:\WINDOWS\Microsoft.Net\assembly\GAC_MSIL\System.Configuration\v4.0_4.0.0.0__b03f5f7f11d50a3a\System.Configuration.dll</ModulePath>
      <ModuleTime>2017-03-18T20:59:43.7281312Z</ModuleTime>
      <ModuleName>System.Configuration</ModuleName>
      <Classes />
    </Module>
    <Module skippedDueTo="Filter" hash="78-BA-8A-4C-95-01-09-2F-AA-BB-D8-35-47-32-14-0D-C7-3C-BA-E1">
      <ModulePath>C:\WINDOWS\Microsoft.Net\assembly\GAC_32\mscorlib\v4.0_4.0.0.0__b77a5c561934e089\mscorlib.dll</ModulePath>
      <ModuleTime>2017-03-18T21:00:02.5734784Z</ModuleTime>
      <ModuleName>mscorlib</ModuleName>
      <Classes />
    </Module>
    <Module skippedDueTo="MissingPdb" hash="AA-3D-77-32-9D-CB-24-C1-97-67-65-FC-09-B9-84-44-D9-05-4C-0A">
      <ModulePath>C:\Users\Theko\OneDrive\Dokumenter\GitHub\datamining\packages\NUnit.ConsoleRunner.3.6.1\tools\nunit-agent-x86.exe</ModulePath>
      <ModuleTime>2017-03-06T18:27:00Z</ModuleTime>
      <ModuleName>nunit-agent-x86</ModuleName>
      <Classes />
    </Module>
    <Module skippedDueTo="MissingPdb" hash="96-DE-EF-3F-02-DC-0C-37-07-3E-B9-1D-D2-EF-F9-A2-D3-8E-11-00">
      <ModulePath>C:\Users\Theko\OneDrive\Dokumenter\GitHub\datamining\packages\NUnit.ConsoleRunner.3.6.1\tools\nunit.engine.dll</ModulePath>
      <ModuleTime>2017-03-06T18:27:00Z</ModuleTime>
      <ModuleName>nunit.engine</ModuleName>
      <Classes />
    </Module>
    <Module skippedDueTo="MissingPdb" hash="90-A5-CB-F1-B1-A1-C2-DE-2A-BF-0B-6F-28-E9-82-CA-41-44-09-3A">
      <ModulePath>C:\Users\Theko\OneDrive\Dokumenter\GitHub\datamining\packages\NUnit.ConsoleRunner.3.6.1\tools\nunit.engine.api.dll</ModulePath>
      <ModuleTime>2017-03-06T18:27:00Z</ModuleTime>
      <ModuleName>nunit.engine.api</ModuleName>
      <Classes />
    </Module>
    <Module skippedDueTo="Filter" hash="1D-0A-A1-E9-E9-CE-21-2E-98-50-03-A3-97-EC-E3-07-66-E8-E7-DF">
      <ModulePath>C:\WINDOWS\Microsoft.Net\assembly\GAC_MSIL\System\v4.0_4.0.0.0__b77a5c561934e089\System.dll</ModulePath>
      <ModuleTime>2017-03-18T20:59:43.8843944Z</ModuleTime>
      <ModuleName>System</ModuleName>
      <Classes />
    </Module>
    <Module skippedDueTo="Filter" hash="27-33-9D-83-64-AB-93-6A-B4-BE-AB-4D-9B-75-8B-E2-B9-63-8B-DE">
      <ModulePath>C:\WINDOWS\Microsoft.Net\assembly\GAC_MSIL\System.Runtime.Remoting\v4.0_4.0.0.0__b77a5c561934e089\System.Runtime.Remoting.dll</ModulePath>
      <ModuleTime>2017-03-18T20:59:43.8062628Z</ModuleTime>
      <ModuleName>System.Runtime.Remoting</ModuleName>
      <Classes />
    </Module>
    <Module skippedDueTo="Filter" hash="BC-3D-7B-FA-41-15-98-9E-BD-CB-6E-11-CC-4E-F2-49-2D-A6-58-72">
      <ModulePath>C:\WINDOWS\Microsoft.Net\assembly\GAC_MSIL\System.Xml\v4.0_4.0.0.0__b77a5c561934e089\System.Xml.dll</ModulePath>
      <ModuleTime>2017-03-18T20:59:43.8218895Z</ModuleTime>
      <ModuleName>System.Xml</ModuleName>
      <Classes />
    </Module>
    <Module skippedDueTo="Filter" hash="78-AB-08-18-29-47-B0-D2-9E-02-D0-5E-F7-80-9F-3E-27-42-8E-65">
      <ModulePath>C:\WINDOWS\Microsoft.Net\assembly\GAC_32\System.Web\v4.0_4.0.0.0__b03f5f7f11d50a3a\System.Web.dll</ModulePath>
      <ModuleTime>2017-03-18T21:00:02.90163Z</ModuleTime>
      <ModuleName>System.Web</ModuleName>
      <Classes />
    </Module>
    <Module skippedDueTo="MissingPdb" hash="8A-2E-8F-D6-9D-39-02-4A-2F-30-FC-06-42-F7-0F-A8-32-69-07-72">
      <ModulePath>C:\Users\Theko\OneDrive\Dokumenter\GitHub\datamining\packages\NUnit.ConsoleRunner.3.6.1\tools\Mono.Cecil.dll</ModulePath>
      <ModuleTime>2017-03-06T18:27:00Z</ModuleTime>
      <ModuleName>Mono.Cecil</ModuleName>
      <Classes />
    </Module>
    <Module skippedDueTo="Filter" hash="0C-91-60-C5-26-07-2E-2E-54-A1-8A-32-86-67-C5-B4-A5-93-05-F9">
      <ModulePath>C:\WINDOWS\Microsoft.Net\assembly\GAC_MSIL\System.Configuration\v4.0_4.0.0.0__b03f5f7f11d50a3a\System.Configuration.dll</ModulePath>
      <ModuleTime>2017-03-18T20:59:43.7281312Z</ModuleTime>
      <ModuleName>System.Configuration</ModuleName>
      <Classes />
    </Module>
    <Module skippedDueTo="MissingPdb" hash="6C-04-8C-57-BA-16-AC-9A-1E-6F-C5-9B-72-58-A4-91-04-FA-A5-1E">
      <ModulePath>C:\Users\Theko\OneDrive\Dokumenter\GitHub\datamining\Datamining_Test\bin\Debug\nunit.framework.dll</ModulePath>
      <ModuleTime>2017-02-25T09:53:22Z</ModuleTime>
      <ModuleName>nunit.framework</ModuleName>
      <Classes />
    </Module>
    <Module skippedDueTo="Filter" hash="1D-0A-A1-E9-E9-CE-21-2E-98-50-03-A3-97-EC-E3-07-66-E8-E7-DF">
      <ModulePath>C:\WINDOWS\Microsoft.Net\assembly\GAC_MSIL\System\v4.0_4.0.0.0__b77a5c561934e089\System.dll</ModulePath>
      <ModuleTime>2017-03-18T20:59:43.8843944Z</ModuleTime>
      <ModuleName>System</ModuleName>
      <Classes />
    </Module>
    <Module skippedDueTo="Filter" hash="85-58-23-8F-0C-AC-C8-F5-79-06-9F-C2-0E-A7-D8-8C-BA-5B-5C-2D">
      <ModulePath>C:\WINDOWS\Microsoft.Net\assembly\GAC_MSIL\System.Core\v4.0_4.0.0.0__b77a5c561934e089\System.Core.dll</ModulePath>
      <ModuleTime>2017-03-18T20:59:45.8533111Z</ModuleTime>
      <ModuleName>System.Core</ModuleName>
      <Classes />
    </Module>
    <Module skippedDueTo="MissingPdb" hash="96-DE-EF-3F-02-DC-0C-37-07-3E-B9-1D-D2-EF-F9-A2-D3-8E-11-00">
      <ModulePath>C:\Users\Theko\OneDrive\Dokumenter\GitHub\datamining\Datamining_Test\bin\Debug\nunit.engine.dll</ModulePath>
      <ModuleTime>2017-05-03T19:16:42Z</ModuleTime>
      <ModuleName>nunit.engine</ModuleName>
      <Classes />
    </Module>
    <Module skippedDueTo="Filter" hash="78-AB-08-18-29-47-B0-D2-9E-02-D0-5E-F7-80-9F-3E-27-42-8E-65">
      <ModulePath>C:\WINDOWS\Microsoft.Net\assembly\GAC_32\System.Web\v4.0_4.0.0.0__b03f5f7f11d50a3a\System.Web.dll</ModulePath>
      <ModuleTime>2017-03-18T21:00:02.90163Z</ModuleTime>
      <ModuleName>System.Web</ModuleName>
      <Classes />
    </Module>
    <Module hash="A7-CA-0C-9D-46-4B-47-54-A3-4E-6C-0A-66-77-2E-8B-1A-00-71-7E">
      <Summary numSequencePoints="4" visitedSequencePoints="4" numBranchPoints="1" visitedBranchPoints="1" sequenceCoverage="100" branchCoverage="100" maxCyclomaticComplexity="1" minCyclomaticComplexity="1" visitedClasses="1" numClasses="1" visitedMethods="1" numMethods="1" />
      <ModulePath>C:\Users\Theko\OneDrive\Dokumenter\GitHub\datamining\Datamining_Test\bin\Debug\Datamining_Test.dll</ModulePath>
      <ModuleTime>2017-05-10T13:16:59.7341574Z</ModuleTime>
      <ModuleName>Datamining_Test</ModuleName>
      <Files>
        <File uid="1" fullPath="C:\Users\Theko\OneDrive\Dokumenter\GitHub\datamining\Datamining_Test\UnitTest1.cs" />
      </Files>
      <Classes>
        <Class>
          <Summary numSequencePoints="0" visitedSequencePoints="0" numBranchPoints="0" visitedBranchPoints="0" sequenceCoverage="0" branchCoverage="0" maxCyclomaticComplexity="0" minCyclomaticComplexity="0" visitedClasses="0" numClasses="0" visitedMethods="0" numMethods="0" />
          <FullName>&lt;Module&gt;</FullName>
          <Methods />
        </Class>
        <Class>
          <Summary numSequencePoints="4" visitedSequencePoints="4" numBranchPoints="1" visitedBranchPoints="1" sequenceCoverage="100" branchCoverage="100" maxCyclomaticComplexity="1" minCyclomaticComplexity="1" visitedClasses="1" numClasses="1" visitedMethods="1" numMethods="1" />
          <FullName>Datamining_Test.UnitTest1</FullName>
          <Methods>
            <Method visited="true" cyclomaticComplexity="1" nPathComplexity="0" sequenceCoverage="100" branchCoverage="100" isConstructor="false" isStatic="false" isGetter="false" isSetter="false">
              <Summary numSequencePoints="4" visitedSequencePoints="4" numBranchPoints="1" visitedBranchPoints="1" sequenceCoverage="100" branchCoverage="100" maxCyclomaticComplexity="1" minCyclomaticComplexity="1" visitedClasses="0" numClasses="0" visitedMethods="1" numMethods="1" />
              <MetadataToken>100663297</MetadataToken>
              <Name>System.Void Datamining_Test.UnitTest1::TestMethod1()</Name>
              <FileRef uid="1" />
              <SequencePoints>
                <SequencePoint vc="1" uspid="1" ordinal="0" offset="0" sl="12" sc="9" el="12" ec="10" bec="0" bev="0" fileid="1" />
                <SequencePoint vc="1" uspid="2" ordinal="1" offset="1" sl="13" sc="13" el="13" ec="45" bec="0" bev="0" fileid="1" />
                <SequencePoint vc="1" uspid="3" ordinal="2" offset="7" sl="14" sc="13" el="14" ec="38" bec="0" bev="0" fileid="1" />
                <SequencePoint vc="1" uspid="4" ordinal="3" offset="25" sl="15" sc="9" el="15" ec="10" bec="0" bev="0" fileid="1" />
              </SequencePoints>
              <BranchPoints />
              <MethodPoint xsi:type="SequencePoint" vc="1" uspid="1" ordinal="0" offset="0" sl="12" sc="9" el="12" ec="10" bec="0" bev="0" fileid="1" />
            </Method>
            <Method visited="true" cyclomaticComplexity="1" nPathComplexity="0" sequenceCoverage="0" branchCoverage="0" isConstructor="true" isStatic="false" isGetter="false" isSetter="false">
              <Summary numSequencePoints="0" visitedSequencePoints="0" numBranchPoints="0" visitedBranchPoints="0" sequenceCoverage="0" branchCoverage="0" maxCyclomaticComplexity="1" minCyclomaticComplexity="1" visitedClasses="0" numClasses="0" visitedMethods="0" numMethods="0" />
              <MetadataToken>100663298</MetadataToken>
              <Name>System.Void Datamining_Test.UnitTest1::.ctor()</Name>
              <SequencePoints />
              <BranchPoints />
              <MethodPoint vc="1" uspid="5" ordinal="0" offset="0" />
            </Method>
          </Methods>
        </Class>
      </Classes>
    </Module>
    <Module skippedDueTo="Filter" hash="BC-3D-7B-FA-41-15-98-9E-BD-CB-6E-11-CC-4E-F2-49-2D-A6-58-72">
      <ModulePath>C:\WINDOWS\Microsoft.Net\assembly\GAC_MSIL\System.Xml\v4.0_4.0.0.0__b77a5c561934e089\System.Xml.dll</ModulePath>
      <ModuleTime>2017-03-18T20:59:43.8218895Z</ModuleTime>
      <ModuleName>System.Xml</ModuleName>
      <Classes />
    </Module>
    <Module hash="74-6C-6A-FC-05-78-93-52-77-99-34-C9-DB-A3-56-2A-9F-EC-69-CF">
      <Summary numSequencePoints="7" visitedSequencePoints="3" numBranchPoints="2" visitedBranchPoints="1" sequenceCoverage="42.86" branchCoverage="50" maxCyclomaticComplexity="1" minCyclomaticComplexity="1" visitedClasses="1" numClasses="1" visitedMethods="1" numMethods="2" />
      <ModulePath>C:\Users\Theko\OneDrive\Dokumenter\GitHub\datamining\Datamining_Test\bin\Debug\Datamining.exe</ModulePath>
      <ModuleTime>2017-05-10T13:16:59.5436499Z</ModuleTime>
      <ModuleName>Datamining</ModuleName>
      <Files>
        <File uid="3" fullPath="C:\Users\Theko\OneDrive\Dokumenter\GitHub\datamining\Datamining\Program.cs" />
      </Files>
      <Classes>
        <Class>
          <Summary numSequencePoints="0" visitedSequencePoints="0" numBranchPoints="0" visitedBranchPoints="0" sequenceCoverage="0" branchCoverage="0" maxCyclomaticComplexity="0" minCyclomaticComplexity="0" visitedClasses="0" numClasses="0" visitedMethods="0" numMethods="0" />
          <FullName>&lt;Module&gt;</FullName>
          <Methods />
        </Class>
        <Class>
          <Summary numSequencePoints="7" visitedSequencePoints="3" numBranchPoints="2" visitedBranchPoints="1" sequenceCoverage="42.86" branchCoverage="50" maxCyclomaticComplexity="1" minCyclomaticComplexity="1" visitedClasses="1" numClasses="1" visitedMethods="1" numMethods="2" />
          <FullName>Datamining.Program</FullName>
          <Methods>
            <Method visited="false" cyclomaticComplexity="1" nPathComplexity="0" sequenceCoverage="0" branchCoverage="0" isConstructor="false" isStatic="true" isGetter="false" isSetter="false">
              <Summary numSequencePoints="4" visitedSequencePoints="0" numBranchPoints="1" visitedBranchPoints="0" sequenceCoverage="0" branchCoverage="0" maxCyclomaticComplexity="1" minCyclomaticComplexity="1" visitedClasses="0" numClasses="0" visitedMethods="0" numMethods="1" />
              <MetadataToken>100663297</MetadataToken>
              <Name>System.Void Datamining.Program::Main(System.String[])</Name>
              <FileRef uid="3" />
              <SequencePoints>
                <SequencePoint vc="0" uspid="6" ordinal="0" offset="0" sl="12" sc="9" el="12" ec="10" bec="0" bev="0" fileid="3" />
                <SequencePoint vc="0" uspid="7" ordinal="1" offset="1" sl="13" sc="13" el="13" ec="34" bec="0" bev="0" fileid="3" />
                <SequencePoint vc="0" uspid="8" ordinal="2" offset="12" sl="14" sc="13" el="14" ec="28" bec="0" bev="0" fileid="3" />
                <SequencePoint vc="0" uspid="9" ordinal="3" offset="18" sl="15" sc="9" el="15" ec="10" bec="0" bev="0" fileid="3" />
              </SequencePoints>
              <BranchPoints />
              <MethodPoint xsi:type="SequencePoint" vc="0" uspid="6" ordinal="0" offset="0" sl="12" sc="9" el="12" ec="10" bec="0" bev="0" fileid="3" />
            </Method>
            <Method visited="true" cyclomaticComplexity="1" nPathComplexity="0" sequenceCoverage="100" branchCoverage="100" isConstructor="false" isStatic="true" isGetter="false" isSetter="false">
              <Summary numSequencePoints="3" visitedSequencePoints="3" numBranchPoints="1" visitedBranchPoints="1" sequenceCoverage="100" branchCoverage="100" maxCyclomaticComplexity="1" minCyclomaticComplexity="1" visitedClasses="0" numClasses="0" visitedMethods="1" numMethods="1" />
              <MetadataToken>100663298</MetadataToken>
              <Name>System.Boolean Datamining.Program::TestFunction()</Name>
              <FileRef uid="3" />
              <SequencePoints>
                <SequencePoint vc="1" uspid="10" ordinal="0" offset="0" sl="18" sc="9" el="18" ec="10" bec="0" bev="0" fileid="3" />
                <SequencePoint vc="1" uspid="11" ordinal="1" offset="1" sl="19" sc="13" el="19" ec="25" bec="0" bev="0" fileid="3" />
                <SequencePoint vc="1" uspid="12" ordinal="2" offset="5" sl="20" sc="9" el="20" ec="10" bec="0" bev="0" fileid="3" />
              </SequencePoints>
              <BranchPoints />
              <MethodPoint xsi:type="SequencePoint" vc="1" uspid="10" ordinal="0" offset="0" sl="18" sc="9" el="18" ec="10" bec="0" bev="0" fileid="3" />
            </Method>
            <Method visited="false" cyclomaticComplexity="1" nPathComplexity="0" sequenceCoverage="0" branchCoverage="0" isConstructor="true" isStatic="false" isGetter="false" isSetter="false">
              <Summary numSequencePoints="0" visitedSequencePoints="0" numBranchPoints="0" visitedBranchPoints="0" sequenceCoverage="0" branchCoverage="0" maxCyclomaticComplexity="1" minCyclomaticComplexity="1" visitedClasses="0" numClasses="0" visitedMethods="0" numMethods="0" />
              <MetadataToken>100663299</MetadataToken>
              <Name>System.Void Datamining.Program::.ctor()</Name>
              <SequencePoints />
              <BranchPoints />
              <MethodPoint vc="0" uspid="13" ordinal="0" offset="0" />
            </Method>
          </Methods>
        </Class>
      </Classes>
    </Module>
  </Modules>
</CoverageSession>